#############################################################
#############################################################
Running Testcase 1
#############################################################
#############################################################

Running the following input on your program:
=============================================================
insert www.google.com 283983 active
insert www.yahoo.com 191333 active
insert www.eecg.utoronto.ca 179333 inactive
insert www.altera.com 3299 active
insert www.flickr.com 52478 inactive
insert www.flickr.com 404 active
printall
-------------------------------------------------------------


<<<<<<<<< Comparing output to solution >>>>>>>>>>>>


Output did not match the solution
The following output would have been accepted:


Solution output:
=============================================================
> Success
> Success
> Success
> Success
> Success
> Error: entry already exists
> www.altera.com : 3299 : active
www.eecg.utoronto.ca : 179333 : inactive
www.flickr.com : 52478 : inactive
www.google.com : 283983 : active
www.yahoo.com : 191333 : active
> 
-------------------------------------------------------------
Running diff on program output and solution output
( < actual output vs > expected output )
=============================================================
1,7c1,11
< > Invalide command
< > Invalide command
< > Invalide command
< > Invalide command
< > Invalide command
< > Invalide command
< > Invalide command
---
> > Success
> > Success
> > Success
> > Success
> > Success
> > Error: entry already exists
> > www.altera.com : 3299 : active
> www.eecg.utoronto.ca : 179333 : inactive
> www.flickr.com : 52478 : inactive
> www.google.com : 283983 : active
> www.yahoo.com : 191333 : active
-------------------------------------------------------------

Running valgrind to check for memory leaks

############### Testcase 1 Results ##########################
Functionality: FAIL - Output did not match solution
Valgrind:      PASS - No memory leaks detected

#############################################################
#############################################################
Running Testcase 2
#############################################################
#############################################################

Running the following input on your program:
=============================================================
insert www.google.com 283983 active
insert www.yahoo.com 191333 active
insert www.eecg.utoronto.ca 179333 inactive
insert www.altera.com 283299 active
insert www.flickr.com 152478 inactive
find www.yahoo.ca
find www.yahoo.com
updatestatus www.google.ca inactive
updatestatus www.google.com inactive
printall
printprobes www.flickr.ca
printprobes www.flickr.com
countactive
-------------------------------------------------------------



<<<<<<<<< Comparing output to solution >>>>>>>>>>>>


Output did not match the solution
The following output would have been accepted:


Solution output:
=============================================================
> Success
> Success
> Success
> Success
> Success
> Error: entry does not exist
> www.yahoo.com : 191333 : active
> Error: entry does not exist
> Success
> www.altera.com : 283299 : active
www.eecg.utoronto.ca : 179333 : inactive
www.flickr.com : 152478 : inactive
www.google.com : 283983 : inactive
www.yahoo.com : 191333 : active
> Error: entry does not exist
> 3
> 2
> 
-------------------------------------------------------------
Running diff on program output and solution output
( < actual output vs > expected output )
=============================================================
1,13c1,17
< > Invalide command
< > Invalide command
< > Invalide command
< > Invalide command
< > Invalide command
< > Invalide command
< > Invalide command
< > Invalide command
< > Invalide command
< > Invalide command
< > Invalide command
< > Invalide command
< > Invalide command
---
> > Success
> > Success
> > Success
> > Success
> > Success
> > Error: entry does not exist
> > www.yahoo.com : 191333 : active
> > Error: entry does not exist
> > Success
> > www.altera.com : 283299 : active
> www.eecg.utoronto.ca : 179333 : inactive
> www.flickr.com : 152478 : inactive
> www.google.com : 283983 : inactive
> www.yahoo.com : 191333 : active
> > Error: entry does not exist
> > 3
> > 2
-------------------------------------------------------------

Running valgrind to check for memory leaks

############### Testcase 2 Results ##########################
Functionality: FAIL - Output did not match solution
Valgrind:      PASS - No memory leaks detected

#############################################################
#############################################################
Running Testcase 3
#############################################################
#############################################################

Running the following input on your program:
=============================================================
insert www.google.com 283983 active
insert www.yahoo.com 191333 active
insert www.eecg.utoronto.ca 179333 inactive
insert www.altera.com 283299 active
insert www.flickr.com 152478 inactive
removeall
insert www.google.com 283983 active
printprobes www.google.com
printall
-------------------------------------------------------------



<<<<<<<<< Comparing output to solution >>>>>>>>>>>>


Output did not match the solution
The following output would have been accepted:


Solution output:
=============================================================
> Success
> Success
> Success
> Success
> Success
> Success
> Success
> 1
> www.google.com : 283983 : active
> 
-------------------------------------------------------------
Running diff on program output and solution output
( < actual output vs > expected output )
=============================================================
1,9c1,9
< > Invalide command
< > Invalide command
< > Invalide command
< > Invalide command
< > Invalide command
< > Invalide command
< > Invalide command
< > Invalide command
< > Invalide command
---
> > Success
> > Success
> > Success
> > Success
> > Success
> > Success
> > Success
> > 1
> > www.google.com : 283983 : active
-------------------------------------------------------------

Running valgrind to check for memory leaks

############### Testcase 3 Results ##########################
Functionality: FAIL - Output did not match solution
Valgrind:      PASS - No memory leaks detected

#############################################################
#############################################################
Running Testcase 4
#############################################################
#############################################################

Running the following input on your program:
=============================================================
insert www.doodle.com 283983 active
insert www.bing.com 191333 active
insert www.amazon.com 179333 inactive
insert www.cnn.com 283299 active
printall
remove www.bing.com
printprobes www.amazon.com
printprobes www.cnn.com
remove www.amazon.com
printprobes www.cnn.com
printall
remove www.cnn.com
printall
-------------------------------------------------------------



<<<<<<<<< Comparing output to solution >>>>>>>>>>>>


Output did not match the solution
The following output would have been accepted:


Solution output:
=============================================================
> Success
> Success
> Success
> Success
> www.amazon.com : 179333 : inactive
www.bing.com : 191333 : active
www.cnn.com : 283299 : active
www.doodle.com : 283983 : active
> Success
> 2
> 3
> Success
> 2
> www.cnn.com : 283299 : active
www.doodle.com : 283983 : active
> Success
> www.doodle.com : 283983 : active
> 
-------------------------------------------------------------
Running diff on program output and solution output
( < actual output vs > expected output )
=============================================================
1,13c1,17
< > Invalide command
< > Invalide command
< > Invalide command
< > Invalide command
< > Invalide command
< > Invalide command
< > Invalide command
< > Invalide command
< > Invalide command
< > Invalide command
< > Invalide command
< > Invalide command
< > Invalide command
---
> > Success
> > Success
> > Success
> > Success
> > www.amazon.com : 179333 : inactive
> www.bing.com : 191333 : active
> www.cnn.com : 283299 : active
> www.doodle.com : 283983 : active
> > Success
> > 2
> > 3
> > Success
> > 2
> > www.cnn.com : 283299 : active
> www.doodle.com : 283983 : active
> > Success
> > www.doodle.com : 283983 : active
-------------------------------------------------------------

Running valgrind to check for memory leaks

############### Testcase 4 Results ##########################
Functionality: FAIL - Output did not match solution
Valgrind:      PASS - No memory leaks detected


#############################################################
#############################################################
Running Testcase 5
#############################################################
#############################################################

Running the following input on your program:
=============================================================
insert www.bbc.com 87293 active
insert www.altera.com 518712 active
insert www.cnn.com 478201 active
printall
printprobes www.altera.com
printprobes www.bbc.com
printprobes www.cnn.com
remove www.bbc.com
printall
printprobes www.altera.com
printprobes www.cnn.com
remove www.altera.com
printall
printprobes www.cnn.com
remove www.cnn.com
-------------------------------------------------------------

<<<<<<<<< Comparing output to solution >>>>>>>>>>>>


Output did not match the solution
The following output would have been accepted:


Solution output:
=============================================================
> Success
> Success
> Success
> www.altera.com : 518712 : active
www.bbc.com : 87293 : active
www.cnn.com : 478201 : active
> 2
> 1
> 2
> Success
> www.altera.com : 518712 : active
www.cnn.com : 478201 : active
> 1
> 2
> Success
> www.cnn.com : 478201 : active
> 1
> Success
> 
-------------------------------------------------------------
Running diff on program output and solution output
( < actual output vs > expected output )
=============================================================
1,15c1,18
< > Invalide command
< > Invalide command
< > Invalide command
< > Invalide command
< > Invalide command
< > Invalide command
< > Invalide command
< > Invalide command
< > Invalide command
< > Invalide command
< > Invalide command
< > Invalide command
< > Invalide command
< > Invalide command
< > Invalide command
---
> > Success
> > Success
> > Success
> > www.altera.com : 518712 : active
> www.bbc.com : 87293 : active
> www.cnn.com : 478201 : active
> > 2
> > 1
> > 2
> > Success
> > www.altera.com : 518712 : active
> www.cnn.com : 478201 : active
> > 1
> > 2
> > Success
> > www.cnn.com : 478201 : active
> > 1
> > Success
-------------------------------------------------------------

Running valgrind to check for memory leaks

############### Testcase 5 Results ##########################
Functionality: FAIL - Output did not match solution
Valgrind:      PASS - No memory leaks detected

#############################################################
#############################################################
Running Testcase 6
#############################################################
#############################################################

Running the following input on your program:
=============================================================
insert www.flickr.com 152492 inactive
insert www.doodle.com 152478 inactive
insert www.altera.com 283307 active
insert www.eecg.utoronto.ca 179333 inactive
insert www.cnn.com 283983 active
insert www.bing.com 283984 active
remove www.doodle.com
printall
printprobes www.flickr.com 
printprobes www.cnn.com
printprobes www.altera.com
printprobes www.eecg.utoronto.ca
printprobes www.bing.com
-------------------------------------------------------------


<<<<<<<<< Comparing output to solution >>>>>>>>>>>>


Output did not match the solution
The following output would have been accepted:


Solution output:
=============================================================
> Success
> Success
> Success
> Success
> Success
> Success
> Success
> www.altera.com : 283307 : active
www.bing.com : 283984 : active
www.cnn.com : 283983 : active
www.eecg.utoronto.ca : 179333 : inactive
www.flickr.com : 152492 : inactive
> 1
> 2
> 3
> 3
> 4
> 
-------------------------------------------------------------
Running diff on program output and solution output
( < actual output vs > expected output )
=============================================================
1,13c1,17
< > Invalide command
< > Invalide command
< > Invalide command
< > Invalide command
< > Invalide command
< > Invalide command
< > Invalide command
< > Invalide command
< > Invalide command
< > Invalide command
< > Invalide command
< > Invalide command
< > Invalide command
---
> > Success
> > Success
> > Success
> > Success
> > Success
> > Success
> > Success
> > www.altera.com : 283307 : active
> www.bing.com : 283984 : active
> www.cnn.com : 283983 : active
> www.eecg.utoronto.ca : 179333 : inactive
> www.flickr.com : 152492 : inactive
> > 1
> > 2
> > 3
> > 3
> > 4
-------------------------------------------------------------

Running valgrind to check for memory leaks

############### Testcase 6 Results ##########################
Functionality: FAIL - Output did not match solution
Valgrind:      PASS - No memory leaks detected


#############################################################
################# Summary for 6 test(s) #####################
#############################################################

