#############################################################
#############################################################
Running Testcase 1
#############################################################
#############################################################

Running the following input on your program:
=============================================================
maxVal 3 10
insertR r0 10.25 0 1
insertR r1 50 1 2
modifyR r0 200 
printR r1
printR all
printNode 1
printNode all
-------------------------------------------------------------

Your program produced the following output:
=============================================================
> New network: max node number is 3; max resistors is 10
> Inserted: resistor r0 10.25 Ohms 0 -> 1
> Inserted: resistor r1 50.00 Ohms 1 -> 2
> Modified: resistor r0 from 10.25 Ohms to 200.00 Ohms
> Print:
r1                  50.00 Ohms 1 -> 2
> Print:
r0                  200.00 Ohms 0 -> 1
r1                  50.00 Ohms 1 -> 2
> Print:
Connections at node 1: 2 resistor(s)
  r0                  200.00 Ohms 0 -> 1
  r1                  50.00 Ohms 1 -> 2
> Print:
Connections at node 0: 1 resistor(s)
  r0                  200.00 Ohms 0 -> 1
Connections at node 1: 2 resistor(s)
  r0                  200.00 Ohms 0 -> 1
  r1                  50.00 Ohms 1 -> 2
Connections at node 2: 1 resistor(s)
  r1                  50.00 Ohms 1 -> 2
Connections at node 3: 0 resistor(s)
> 
-------------------------------------------------------------

<<<<<<<<< Comparing output to solution >>>>>>>>>>>>

Running valgrind to check for memory leaks

############### Testcase 1 Results ##########################
Functionality: PASS - Output matches solution
Valgrind:      PASS - No memory leaks detected

#############################################################
#############################################################
Running Testcase 2
#############################################################
#############################################################

Running the following input on your program:
=============================================================
maxVal 2 3
insertR r0 100 0 1
insertR r1 200 1 2
insertR r2 300 0 2
printR all
deleteR all
printR all
insertR r0 1000 1 2
insertR r1 2000 0 1
insertR r2 3000 0 2
printR all
maxVal 3 12
printR all
-------------------------------------------------------------

Your program produced the following output:
=============================================================
> New network: max node number is 2; max resistors is 3
> Inserted: resistor r0 100.00 Ohms 0 -> 1
> Inserted: resistor r1 200.00 Ohms 1 -> 2
> Inserted: resistor r2 300.00 Ohms 0 -> 2
> Print:
r0                  100.00 Ohms 0 -> 1
r1                  200.00 Ohms 1 -> 2
r2                  300.00 Ohms 0 -> 2
> Deleted: all resistors
> Print:
> Inserted: resistor r0 1000.00 Ohms 1 -> 2
> Inserted: resistor r1 2000.00 Ohms 0 -> 1
> Inserted: resistor r2 3000.00 Ohms 0 -> 2
> Print:
r0                  1000.00 Ohms 1 -> 2
r1                  2000.00 Ohms 0 -> 1
r2                  3000.00 Ohms 0 -> 2
> New network: max node number is 3; max resistors is 12
> Print:
> 
-------------------------------------------------------------

<<<<<<<<< Comparing output to solution >>>>>>>>>>>>

Running valgrind to check for memory leaks

############### Testcase 2 Results ##########################
Functionality: PASS - Output matches solution
Valgrind:      PASS - No memory leaks detected

#############################################################
#############################################################
Running Testcase 3
#############################################################
#############################################################

Running the following input on your program:
=============================================================
maxVal 0 6
maxVal 2 6
modifyR r0 100
insertR r0 200 0 3
insertR r1 200 0 1
insertR r2 200 0 1
insertR r3 200 0 1
insertR r4 200 0 2
insertR r5 200 0 2
insertR r6 200 0 2
insertR r7 200 1 2
insertR r8 200 1 2
-------------------------------------------------------------

Your program produced the following output:
=============================================================
> Error: maxVal arguments must be greater than 0
> New network: max node number is 2; max resistors is 6
> Error: resistor r0 not found
> Error: node 3 is out of permitted range 0-2
> Inserted: resistor r1 200.00 Ohms 0 -> 1
> Inserted: resistor r2 200.00 Ohms 0 -> 1
> Inserted: resistor r3 200.00 Ohms 0 -> 1
> Inserted: resistor r4 200.00 Ohms 0 -> 2
> Inserted: resistor r5 200.00 Ohms 0 -> 2
> Error: node is full
> Inserted: resistor r7 200.00 Ohms 1 -> 2
> Error: resistor array is full
> 
-------------------------------------------------------------

<<<<<<<<< Comparing output to solution >>>>>>>>>>>>

Running valgrind to check for memory leaks

############### Testcase 3 Results ##########################
Functionality: PASS - Output matches solution
Valgrind:      PASS - No memory leaks detected

#############################################################
#############################################################
Running Testcase 4
#############################################################
#############################################################

Running the following input on your program:
=============================================================
maxVal 3 12
insertR r0 200 0 1
insertR r1 200 0 1
insertR r2 200 0 1
insertR r3 200 0 1
insertR r4 200 0 1
insertR r5 200 0 2
insertR r6 200 1 2
-------------------------------------------------------------

Your program produced the following output:
=============================================================
> New network: max node number is 3; max resistors is 12
> Inserted: resistor r0 200.00 Ohms 0 -> 1
> Inserted: resistor r1 200.00 Ohms 0 -> 1
> Inserted: resistor r2 200.00 Ohms 0 -> 1
> Inserted: resistor r3 200.00 Ohms 0 -> 1
> Inserted: resistor r4 200.00 Ohms 0 -> 1
> Error: node is full
> Error: node is full
> 
-------------------------------------------------------------

<<<<<<<<< Comparing output to solution >>>>>>>>>>>>

Running valgrind to check for memory leaks

############### Testcase 4 Results ##########################
Functionality: PASS - Output matches solution
Valgrind:      PASS - No memory leaks detected

#############################################################
#############################################################
Running Testcase 5
#############################################################
#############################################################

Running the following input on your program:
=============================================================
maxVal 10 10
insertR r0 100 0 1
insertR r1 100 0 1
insertR r2 100 0 1
insertR r3 100 1 3
deleteR all
maxVal 12 12
insertR r0 200 0 1
insertR r1 200 0 2
insertR r2 200 0 3
insertR r3 200 1 5
printR all
deleteR all
deleteR all
printR all
-------------------------------------------------------------

Your program produced the following output:
=============================================================
> New network: max node number is 10; max resistors is 10
> Inserted: resistor r0 100.00 Ohms 0 -> 1
> Inserted: resistor r1 100.00 Ohms 0 -> 1
> Inserted: resistor r2 100.00 Ohms 0 -> 1
> Inserted: resistor r3 100.00 Ohms 1 -> 3
> Deleted: all resistors
> New network: max node number is 12; max resistors is 12
> Inserted: resistor r0 200.00 Ohms 0 -> 1
> Inserted: resistor r1 200.00 Ohms 0 -> 2
> Inserted: resistor r2 200.00 Ohms 0 -> 3
> Inserted: resistor r3 200.00 Ohms 1 -> 5
> Print:
r0                  200.00 Ohms 0 -> 1
r1                  200.00 Ohms 0 -> 2
r2                  200.00 Ohms 0 -> 3
r3                  200.00 Ohms 1 -> 5
> Deleted: all resistors
> Deleted: all resistors
> Print:
> 
-------------------------------------------------------------

<<<<<<<<< Comparing output to solution >>>>>>>>>>>>

Running valgrind to check for memory leaks

############### Testcase 5 Results ##########################
Functionality: PASS - Output matches solution
Valgrind:      PASS - No memory leaks detected

#############################################################
#############################################################
Running Testcase 6
#############################################################
#############################################################

Running the following input on your program:
=============================================================
maxVal 10000 10
insertR r0 100 0 10000
printR all
printNode 0
printNode 10000
-------------------------------------------------------------

Your program produced the following output:
=============================================================
> New network: max node number is 10000; max resistors is 10
> Inserted: resistor r0 100.00 Ohms 0 -> 10000
> Print:
r0                  100.00 Ohms 0 -> 10000
> Print:
Connections at node 0: 1 resistor(s)
  r0                  100.00 Ohms 0 -> 10000
> Print:
Connections at node 10000: 1 resistor(s)
  r0                  100.00 Ohms 0 -> 10000
> 
-------------------------------------------------------------

<<<<<<<<< Comparing output to solution >>>>>>>>>>>>

Running valgrind to check for memory leaks

############### Testcase 6 Results ##########################
Functionality: PASS - Output matches solution
Valgrind:      PASS - No memory leaks detected

#############################################################
#############################################################
Running Testcase 7
#############################################################
#############################################################

Running the following input on your program:
=============================================================
maxVal 10 10
insertR r0 100 0 1
insertR r1 100 0 1
insertR r2 100 0 1
insertR r3 100 1 3
maxVal 12 12
deleteR all
insertR r0 200 0 1
insertR r1 200 0 2
insertR r2 200 0 3
insertR r3 200 1 5
printR all
maxVal 15 15
maxVal 5 5
printR all
sh: line 1: 29388 Segmentation fault      /tmp/8I7WE8cQiu/rnet.zhanzhir < ./7 > /tmp/8I7WE8cQiu/zhanzhir.out7 2> /tmp/8I7WE8cQiu/zhanzhir.err7
-------------------------------------------------------------

ERROR: your program exited with a non-zero exit code.
This means that the program crashed due to a run-time
error or that your main function returned a value other
than zero.  Make sure to fix this error before submitting,
because it may result in a loss of marks!



#############################################################
################# Summary for 7 test(s) #####################
#############################################################

Functionality: FAIL: 1 test(s) failed!
Valgrind:      FAIL: Could not run due to run time errors in 1 tests

#############################################################
#############################################################
#############################################################
